<?xml version="1.0" encoding="UTF-8"?>
<!-- Generated by org.testng.reporters.JUnitXMLReporter -->
<testsuite hostname="LAPTOP-8V5DPHDS" ignored="0" name="Test" tests="6" failures="1" timestamp="27 Aug 2020 18:32:09 GMT" time="0.098" errors="0">
  <testcase name="test1" time="0.018" classname="listeners.TestNGListenerDemo"/>
  <testcase name="test2" time="0.007" classname="listeners.TestNGListenerDemo">
    <failure type="junit.framework.AssertionFailedError">
      <![CDATA[junit.framework.AssertionFailedError
at junit.framework.Assert.fail(Assert.java:55)
at junit.framework.Assert.assertTrue(Assert.java:22)
at junit.framework.Assert.assertTrue(Assert.java:31)
at listeners.TestNGListenerDemo.test2(TestNGListenerDemo.java:24)
... Removed 25 stack frames]]>
    </failure>
  </testcase> <!-- test2 -->
  <testcase name="test3" time="0.007" classname="listeners.TestNGListenerDemo">
    <skipped/>
  </testcase> <!-- test3 -->
  <testcase name="test4" time="0.003" classname="listeners.TestNGListenerDemo2"/>
  <testcase name="test5" time="0.002" classname="listeners.TestNGListenerDemo2"/>
  <testcase name="test6" time="0.002" classname="listeners.TestNGListenerDemo2">
    <skipped/>
  </testcase> <!-- test6 -->
</testsuite> <!-- Test -->
